Build started 29/04/2015 11:50:57 AM.
     1>Project "C:\Users\SHENRON\Documents\GitHub\2D-Math-Library\MathsLibrary\MathsLibrary\MathsLibrary.vcxproj" on node 2 (Build target(s)).
     1>ClCompile:
         C:\Program Files (x86)\Microsoft Visual Studio 11.0\VC\bin\CL.exe /c /Zi /nologo /W3 /WX- /sdl /O2 /Oi /Oy- /GL /D WIN32 /D NDEBUG /D _CONSOLE /D _UNICODE /D UNICODE /Gm- /EHsc /MD /GS /Gy /fp:precise /Zc:wchar_t /Zc:forScope /Fo"Release\\" /Fd"Release\vc110.pdb" /Gd /TP /analyze- /errorReport:prompt main.cpp Matrix3x3.cpp Vector2.cpp Vector3.cpp Vector4.cpp
         main.cpp
         Matrix3x3.cpp
         Vector2.cpp
         Vector3.cpp
         Vector4.cpp
       Link:
         C:\Program Files (x86)\Microsoft Visual Studio 11.0\VC\bin\link.exe /ERRORREPORT:PROMPT /OUT:"C:\Users\SHENRON\Documents\GitHub\2D-Math-Library\MathsLibrary\Release\MathsLibrary.exe" /INCREMENTAL:NO /NOLOGO kernel32.lib user32.lib gdi32.lib winspool.lib comdlg32.lib advapi32.lib shell32.lib ole32.lib oleaut32.lib uuid.lib odbc32.lib odbccp32.lib /MANIFEST /MANIFESTUAC:"level='asInvoker' uiAccess='false'" /manifest:embed /DEBUG /PDB:"C:\Users\SHENRON\Documents\GitHub\2D-Math-Library\MathsLibrary\Release\MathsLibrary.pdb" /SUBSYSTEM:CONSOLE /OPT:REF /OPT:ICF /LTCG /TLBID:1 /DYNAMICBASE /NXCOMPAT /IMPLIB:"C:\Users\SHENRON\Documents\GitHub\2D-Math-Library\MathsLibrary\Release\MathsLibrary.lib" /MACHINE:X86 /SAFESEH Release\main.obj
         Release\Matrix3x3.obj
         Release\Vector2.obj
         Release\Vector3.obj
         Release\Vector4.obj
         Generating code
         Finished generating code
         MathsLibrary.vcxproj -> C:\Users\SHENRON\Documents\GitHub\2D-Math-Library\MathsLibrary\Release\MathsLibrary.exe
     1>Done Building Project "C:\Users\SHENRON\Documents\GitHub\2D-Math-Library\MathsLibrary\MathsLibrary\MathsLibrary.vcxproj" (Build target(s)).

Build succeeded.

Time Elapsed 00:00:03.77
