Build started 1/12/2014 1:58:25 AM.
     1>Project "C:\Users\SHENRON\Documents\REGI\AIE\Subjects\Game Maths and OpenGL\Assignments\Framework and Math Library\MathsLibrary\MathsLibrary\MathsLibrary\MathsLibrary.vcxproj" on node 2 (Build target(s)).
     1>ClCompile:
         C:\Program Files (x86)\Microsoft Visual Studio 11.0\VC\bin\CL.exe /c /ZI /nologo /W3 /WX- /sdl /Od /Oy- /D WIN32 /D _DEBUG /D _CONSOLE /D _UNICODE /D UNICODE /Gm /EHsc /RTC1 /MDd /GS /fp:precise /Zc:wchar_t /Zc:forScope /Fo"Debug\\" /Fd"Debug\vc110.pdb" /Gd /TP /analyze- /errorReport:prompt main.cpp Matrix3x3.cpp Vector2.cpp Vector3.cpp Vector4.cpp
         Vector4.cpp
         Matrix3x3.cpp
         main.cpp
         Generating Code...
         Compiling...
         Vector3.cpp
     1>c:\users\shenron\documents\regi\aie\subjects\game maths and opengl\assignments\framework and math library\mathslibrary\mathslibrary\mathslibrary\vector3.cpp(45): warning C4244: 'return' : conversion from 'double' to 'float', possible loss of data
     1>c:\users\shenron\documents\regi\aie\subjects\game maths and opengl\assignments\framework and math library\mathslibrary\mathslibrary\mathslibrary\vector3.cpp(50): warning C4244: 'return' : conversion from 'double' to 'float', possible loss of data
         Generating Code...
         Skipping... (no relevant changes detected)
         Vector2.cpp
       Link:
         C:\Program Files (x86)\Microsoft Visual Studio 11.0\VC\bin\link.exe /ERRORREPORT:PROMPT /OUT:"C:\Users\SHENRON\Documents\REGI\AIE\Subjects\Game Maths and OpenGL\Assignments\Framework and Math Library\MathsLibrary\MathsLibrary\Debug\MathsLibrary.exe" /INCREMENTAL /NOLOGO kernel32.lib user32.lib gdi32.lib winspool.lib comdlg32.lib advapi32.lib shell32.lib ole32.lib oleaut32.lib uuid.lib odbc32.lib odbccp32.lib /MANIFEST /MANIFESTUAC:"level='asInvoker' uiAccess='false'" /manifest:embed /DEBUG /PDB:"C:\Users\SHENRON\Documents\REGI\AIE\Subjects\Game Maths and OpenGL\Assignments\Framework and Math Library\MathsLibrary\MathsLibrary\Debug\MathsLibrary.pdb" /SUBSYSTEM:CONSOLE /TLBID:1 /DYNAMICBASE /NXCOMPAT /IMPLIB:"C:\Users\SHENRON\Documents\REGI\AIE\Subjects\Game Maths and OpenGL\Assignments\Framework and Math Library\MathsLibrary\MathsLibrary\Debug\MathsLibrary.lib" /MACHINE:X86 Debug\main.obj
         Debug\Matrix3x3.obj
         Debug\Vector2.obj
         Debug\Vector3.obj
         Debug\Vector4.obj
         MathsLibrary.vcxproj -> C:\Users\SHENRON\Documents\REGI\AIE\Subjects\Game Maths and OpenGL\Assignments\Framework and Math Library\MathsLibrary\MathsLibrary\Debug\MathsLibrary.exe
     1>Done Building Project "C:\Users\SHENRON\Documents\REGI\AIE\Subjects\Game Maths and OpenGL\Assignments\Framework and Math Library\MathsLibrary\MathsLibrary\MathsLibrary\MathsLibrary.vcxproj" (Build target(s)).

Build succeeded.

Time Elapsed 00:00:04.29
